<?xml version="1.0" encoding="utf-8" standalone="no"?>
<test-results xmlns:xsi="http://www.w3.org/2001/XMLSchema-instance" xsi:noNamespaceSchemaLocation="nunit_schema_2.5.xsd" name="Pester" total="411" errors="0" failures="0" not-run="0" inconclusive="0" ignored="0" skipped="0" invalid="0" date="2023-11-17" time="22:20:23">
  <environment clr-version="4.0.30319.42000" user-domain="AzureAD" cwd="C:\Users\John\Github\J81.NSToolkit\ci" platform="Microsoft Windows 11 Pro|C:\WINDOWS|\Device\Harddisk0\Partition3" machine-name="JBC-JOHN" nunit-version="2.5.8.0" os-version="10.0.22631" user="JohnBillekensJOBICO" />
  <culture-info current-culture="en-US" current-uiculture="en-US" />
  <test-suite type="TestFixture" name="Pester" executed="True" result="Success" success="True" time="19.447" asserts="0" description="Pester">
    <results>
      <test-suite type="TestFixture" name="C:\Users\John\Github\J81.NSToolkit\Tests\J81.ADCToolkit.tests.ps1" executed="True" result="Success" success="True" time="19.447" asserts="0" description="C:\Users\John\Github\J81.NSToolkit\Tests\J81.ADCToolkit.tests.ps1">
        <results>
          <test-suite type="TestFixture" name="Module Metadata validation" executed="True" result="Success" success="True" time="3.4139" asserts="0" description="Module Metadata validation">
            <results>
              <test-suite type="ParameterizedTest" name="Module Metadata validation.Import module should be OK" executed="True" result="Success" success="True" time="3.3396" asserts="0" description="Import module should be OK">
                <results>
                  <test-case description="Import module should be OK" name="Module Metadata validation.Import module should be OK(@{ModuleName=J81.NSToolkit; ModuleRoot=J81.NSToolkit; ModuleFilepath=J81.NSToolkit\J81.NSToolkit.psm1; ManifestFilepath=J81.NSToolkit\J81.NSToolkit.psd1})" time="0.0142" asserts="0" success="True" result="Success" executed="True" />
                  <test-case description="Import module should be OK" name="Module Metadata validation.Import module should be OK(@{ModuleName=J81.NSToolkit.Conf; ModuleRoot=J81.NSToolkit.Conf; ModuleFilepath=J81.NSToolkit.Conf\J81.NSToolkit.Conf.psm1; ManifestFilepath=J81.NSToolkit.Conf\J81.NSToolkit.Conf.psd1})" time="3.0883" asserts="0" success="True" result="Success" executed="True" />
                  <test-case description="Import module should be OK" name="Module Metadata validation.Import module should be OK(@{ModuleName=J81.NSToolkit.Stat; ModuleRoot=J81.NSToolkit.Stat; ModuleFilepath=J81.NSToolkit.Stat\J81.NSToolkit.Stat.psm1; ManifestFilepath=J81.NSToolkit.Stat\J81.NSToolkit.Stat.psd1})" time="0.2371" asserts="0" success="True" result="Success" executed="True" />
                </results>
              </test-suite>
              <test-suite type="ParameterizedTest" name="Module Metadata validation.Module FunctionsToExport should have multiple functions" executed="True" result="Success" success="True" time="0.0071" asserts="0" description="Module FunctionsToExport should have multiple functions">
                <results>
                  <test-case description="Module FunctionsToExport should have multiple functions" name="Module Metadata validation.Module FunctionsToExport should have multiple functions(@{ModuleName=J81.NSToolkit; ModuleRoot=J81.NSToolkit; ModuleFilepath=J81.NSToolkit\J81.NSToolkit.psm1; ManifestFilepath=J81.NSToolkit\J81.NSToolkit.psd1})" time="0.0023" asserts="0" success="True" result="Success" executed="True" />
                  <test-case description="Module FunctionsToExport should have multiple functions" name="Module Metadata validation.Module FunctionsToExport should have multiple functions(@{ModuleName=J81.NSToolkit.Conf; ModuleRoot=J81.NSToolkit.Conf; ModuleFilepath=J81.NSToolkit.Conf\J81.NSToolkit.Conf.psm1; ManifestFilepath=J81.NSToolkit.Conf\J81.NSToolkit.Conf.psd1})" time="0.0028" asserts="0" success="True" result="Success" executed="True" />
                  <test-case description="Module FunctionsToExport should have multiple functions" name="Module Metadata validation.Module FunctionsToExport should have multiple functions(@{ModuleName=J81.NSToolkit.Stat; ModuleRoot=J81.NSToolkit.Stat; ModuleFilepath=J81.NSToolkit.Stat\J81.NSToolkit.Stat.psm1; ManifestFilepath=J81.NSToolkit.Stat\J81.NSToolkit.Stat.psd1})" time="0.002" asserts="0" success="True" result="Success" executed="True" />
                </results>
              </test-suite>
              <test-suite type="ParameterizedTest" name="Module Metadata validation.Module version not be Null" executed="True" result="Success" success="True" time="0.0067" asserts="0" description="Module version not be Null">
                <results>
                  <test-case description="Module version not be Null" name="Module Metadata validation.Module version not be Null(@{ModuleName=J81.NSToolkit; ModuleRoot=J81.NSToolkit; ModuleFilepath=J81.NSToolkit\J81.NSToolkit.psm1; ManifestFilepath=J81.NSToolkit\J81.NSToolkit.psd1})" time="0.0025" asserts="0" success="True" result="Success" executed="True" />
                  <test-case description="Module version not be Null" name="Module Metadata validation.Module version not be Null(@{ModuleName=J81.NSToolkit.Conf; ModuleRoot=J81.NSToolkit.Conf; ModuleFilepath=J81.NSToolkit.Conf\J81.NSToolkit.Conf.psm1; ManifestFilepath=J81.NSToolkit.Conf\J81.NSToolkit.Conf.psd1})" time="0.0021" asserts="0" success="True" result="Success" executed="True" />
                  <test-case description="Module version not be Null" name="Module Metadata validation.Module version not be Null(@{ModuleName=J81.NSToolkit.Stat; ModuleRoot=J81.NSToolkit.Stat; ModuleFilepath=J81.NSToolkit.Stat\J81.NSToolkit.Stat.psm1; ManifestFilepath=J81.NSToolkit.Stat\J81.NSToolkit.Stat.psd1})" time="0.0021" asserts="0" success="True" result="Success" executed="True" />
                </results>
              </test-suite>
              <test-suite type="ParameterizedTest" name="Module Metadata validation.Module CompanyName should not be Null" executed="True" result="Success" success="True" time="0.0066" asserts="0" description="Module CompanyName should not be Null">
                <results>
                  <test-case description="Module CompanyName should not be Null" name="Module Metadata validation.Module CompanyName should not be Null(@{ModuleName=J81.NSToolkit; ModuleRoot=J81.NSToolkit; ModuleFilepath=J81.NSToolkit\J81.NSToolkit.psm1; ManifestFilepath=J81.NSToolkit\J81.NSToolkit.psd1})" time="0.002" asserts="0" success="True" result="Success" executed="True" />
                  <test-case description="Module CompanyName should not be Null" name="Module Metadata validation.Module CompanyName should not be Null(@{ModuleName=J81.NSToolkit.Conf; ModuleRoot=J81.NSToolkit.Conf; ModuleFilepath=J81.NSToolkit.Conf\J81.NSToolkit.Conf.psm1; ManifestFilepath=J81.NSToolkit.Conf\J81.NSToolkit.Conf.psd1})" time="0.0021" asserts="0" success="True" result="Success" executed="True" />
                  <test-case description="Module CompanyName should not be Null" name="Module Metadata validation.Module CompanyName should not be Null(@{ModuleName=J81.NSToolkit.Stat; ModuleRoot=J81.NSToolkit.Stat; ModuleFilepath=J81.NSToolkit.Stat\J81.NSToolkit.Stat.psm1; ManifestFilepath=J81.NSToolkit.Stat\J81.NSToolkit.Stat.psd1})" time="0.0025" asserts="0" success="True" result="Success" executed="True" />
                </results>
              </test-suite>
              <test-suite type="ParameterizedTest" name="Module Metadata validation.Module Copyright should not be Null" executed="True" result="Success" success="True" time="0.0371" asserts="0" description="Module Copyright should not be Null">
                <results>
                  <test-case description="Module Copyright should not be Null" name="Module Metadata validation.Module Copyright should not be Null(@{ModuleName=J81.NSToolkit; ModuleRoot=J81.NSToolkit; ModuleFilepath=J81.NSToolkit\J81.NSToolkit.psm1; ManifestFilepath=J81.NSToolkit\J81.NSToolkit.psd1})" time="0.0325" asserts="0" success="True" result="Success" executed="True" />
                  <test-case description="Module Copyright should not be Null" name="Module Metadata validation.Module Copyright should not be Null(@{ModuleName=J81.NSToolkit.Conf; ModuleRoot=J81.NSToolkit.Conf; ModuleFilepath=J81.NSToolkit.Conf\J81.NSToolkit.Conf.psm1; ManifestFilepath=J81.NSToolkit.Conf\J81.NSToolkit.Conf.psd1})" time="0.0025" asserts="0" success="True" result="Success" executed="True" />
                  <test-case description="Module Copyright should not be Null" name="Module Metadata validation.Module Copyright should not be Null(@{ModuleName=J81.NSToolkit.Stat; ModuleRoot=J81.NSToolkit.Stat; ModuleFilepath=J81.NSToolkit.Stat\J81.NSToolkit.Stat.psm1; ManifestFilepath=J81.NSToolkit.Stat\J81.NSToolkit.Stat.psd1})" time="0.002" asserts="0" success="True" result="Success" executed="True" />
                </results>
              </test-suite>
              <test-suite type="ParameterizedTest" name="Module Metadata validation.Module Author should not be Null" executed="True" result="Success" success="True" time="0.0059" asserts="0" description="Module Author should not be Null">
                <results>
                  <test-case description="Module Author should not be Null" name="Module Metadata validation.Module Author should not be Null(@{ModuleName=J81.NSToolkit; ModuleRoot=J81.NSToolkit; ModuleFilepath=J81.NSToolkit\J81.NSToolkit.psm1; ManifestFilepath=J81.NSToolkit\J81.NSToolkit.psd1})" time="0.002" asserts="0" success="True" result="Success" executed="True" />
                  <test-case description="Module Author should not be Null" name="Module Metadata validation.Module Author should not be Null(@{ModuleName=J81.NSToolkit.Conf; ModuleRoot=J81.NSToolkit.Conf; ModuleFilepath=J81.NSToolkit.Conf\J81.NSToolkit.Conf.psm1; ManifestFilepath=J81.NSToolkit.Conf\J81.NSToolkit.Conf.psd1})" time="0.002" asserts="0" success="True" result="Success" executed="True" />
                  <test-case description="Module Author should not be Null" name="Module Metadata validation.Module Author should not be Null(@{ModuleName=J81.NSToolkit.Stat; ModuleRoot=J81.NSToolkit.Stat; ModuleFilepath=J81.NSToolkit.Stat\J81.NSToolkit.Stat.psm1; ManifestFilepath=J81.NSToolkit.Stat\J81.NSToolkit.Stat.psd1})" time="0.0019" asserts="0" success="True" result="Success" executed="True" />
                </results>
              </test-suite>
              <test-suite type="ParameterizedTest" name="Module Metadata validation.Module GUID should not be Null" executed="True" result="Success" success="True" time="0.0065" asserts="0" description="Module GUID should not be Null">
                <results>
                  <test-case description="Module GUID should not be Null" name="Module Metadata validation.Module GUID should not be Null(@{ModuleName=J81.NSToolkit; ModuleRoot=J81.NSToolkit; ModuleFilepath=J81.NSToolkit\J81.NSToolkit.psm1; ManifestFilepath=J81.NSToolkit\J81.NSToolkit.psd1})" time="0.002" asserts="0" success="True" result="Success" executed="True" />
                  <test-case description="Module GUID should not be Null" name="Module Metadata validation.Module GUID should not be Null(@{ModuleName=J81.NSToolkit.Conf; ModuleRoot=J81.NSToolkit.Conf; ModuleFilepath=J81.NSToolkit.Conf\J81.NSToolkit.Conf.psm1; ManifestFilepath=J81.NSToolkit.Conf\J81.NSToolkit.Conf.psd1})" time="0.0022" asserts="0" success="True" result="Success" executed="True" />
                  <test-case description="Module GUID should not be Null" name="Module Metadata validation.Module GUID should not be Null(@{ModuleName=J81.NSToolkit.Stat; ModuleRoot=J81.NSToolkit.Stat; ModuleFilepath=J81.NSToolkit.Stat\J81.NSToolkit.Stat.psm1; ManifestFilepath=J81.NSToolkit.Stat\J81.NSToolkit.Stat.psd1})" time="0.0024" asserts="0" success="True" result="Success" executed="True" />
                </results>
              </test-suite>
            </results>
          </test-suite>
          <test-suite type="TestFixture" name="General project validation" executed="True" result="Success" success="True" time="19.3328" asserts="0" description="General project validation">
            <results>
              <test-suite type="ParameterizedTest" name="General project validation.Script &lt;file.Name&gt; should be valid PowerShell" executed="True" result="Success" success="True" time="4.1385" asserts="0" description="Script &lt;file.Name&gt; should be valid PowerShell">
                <results>
                  <test-case description="Script ConvertFrom-NSVersion.ps1 should be valid PowerShell" name="General project validation.Script ConvertFrom-NSVersion.ps1 should be valid PowerShell" time="0.0067" asserts="0" success="True" result="Success" executed="True" />
                  <test-case description="Script Invoke-NSRetrieveCertificateRemoveInfo.ps1 should be valid PowerShell" name="General project validation.Script Invoke-NSRetrieveCertificateRemoveInfo.ps1 should be valid PowerShell" time="0.0094" asserts="0" success="True" result="Success" executed="True" />
                  <test-case description="Script Write-ConsoleText.ps1 should be valid PowerShell" name="General project validation.Script Write-ConsoleText.ps1 should be valid PowerShell" time="0.0052" asserts="0" success="True" result="Success" executed="True" />
                  <test-case description="Script Write-NSText.ps1 should be valid PowerShell" name="General project validation.Script Write-NSText.ps1 should be valid PowerShell" time="0.0055" asserts="0" success="True" result="Success" executed="True" />
                  <test-case description="Script Connect-NSHANodes.ps1 should be valid PowerShell" name="General project validation.Script Connect-NSHANodes.ps1 should be valid PowerShell" time="0.007" asserts="0" success="True" result="Success" executed="True" />
                  <test-case description="Script Connect-NSNode.ps1 should be valid PowerShell" name="General project validation.Script Connect-NSNode.ps1 should be valid PowerShell" time="0.005" asserts="0" success="True" result="Success" executed="True" />
                  <test-case description="Script Disconnect-NSNode.ps1 should be valid PowerShell" name="General project validation.Script Disconnect-NSNode.ps1 should be valid PowerShell" time="0.0086" asserts="0" success="True" result="Success" executed="True" />
                  <test-case description="Script Expand-NSResult.ps1 should be valid PowerShell" name="General project validation.Script Expand-NSResult.ps1 should be valid PowerShell" time="0.0044" asserts="0" success="True" result="Success" executed="True" />
                  <test-case description="Script Get-NSSession.ps1 should be valid PowerShell" name="General project validation.Script Get-NSSession.ps1 should be valid PowerShell" time="0.0048" asserts="0" success="True" result="Success" executed="True" />
                  <test-case description="Script Invoke-NSCleanCertKeyFiles.ps1 should be valid PowerShell" name="General project validation.Script Invoke-NSCleanCertKeyFiles.ps1 should be valid PowerShell" time="0.0063" asserts="0" success="True" result="Success" executed="True" />
                  <test-case description="Script Invoke-NSGetSystemFileDirectories.ps1 should be valid PowerShell" name="General project validation.Script Invoke-NSGetSystemFileDirectories.ps1 should be valid PowerShell" time="0.0091" asserts="0" success="True" result="Success" executed="True" />
                  <test-case description="Script Invoke-NSNitroApi.ps1 should be valid PowerShell" name="General project validation.Script Invoke-NSNitroApi.ps1 should be valid PowerShell" time="0.0067" asserts="0" success="True" result="Success" executed="True" />
                  <test-case description="Script ConvertFrom-NSVersion.ps1 should be valid PowerShell" name="General project validation.Script ConvertFrom-NSVersion.ps1 should be valid PowerShell" time="0.0047" asserts="0" success="True" result="Success" executed="True" />
                  <test-case description="Script Invoke-NSRetrieveCertificateRemoveInfo.ps1 should be valid PowerShell" name="General project validation.Script Invoke-NSRetrieveCertificateRemoveInfo.ps1 should be valid PowerShell" time="0.0046" asserts="0" success="True" result="Success" executed="True" />
                  <test-case description="Script Write-ConsoleText.ps1 should be valid PowerShell" name="General project validation.Script Write-ConsoleText.ps1 should be valid PowerShell" time="0.0049" asserts="0" success="True" result="Success" executed="True" />
                  <test-case description="Script Write-NSText.ps1 should be valid PowerShell" name="General project validation.Script Write-NSText.ps1 should be valid PowerShell" time="0.006" asserts="0" success="True" result="Success" executed="True" />
                  <test-case description="Script ns-aaa.ps1 should be valid PowerShell" name="General project validation.Script ns-aaa.ps1 should be valid PowerShell" time="0.1011" asserts="0" success="True" result="Success" executed="True" />
                  <test-case description="Script ns-adm.ps1 should be valid PowerShell" name="General project validation.Script ns-adm.ps1 should be valid PowerShell" time="0.0048" asserts="0" success="True" result="Success" executed="True" />
                  <test-case description="Script ns-analytics.ps1 should be valid PowerShell" name="General project validation.Script ns-analytics.ps1 should be valid PowerShell" time="0.0122" asserts="0" success="True" result="Success" executed="True" />
                  <test-case description="Script ns-api.ps1 should be valid PowerShell" name="General project validation.Script ns-api.ps1 should be valid PowerShell" time="0.0069" asserts="0" success="True" result="Success" executed="True" />
                  <test-case description="Script ns-app.ps1 should be valid PowerShell" name="General project validation.Script ns-app.ps1 should be valid PowerShell" time="0.0061" asserts="0" success="True" result="Success" executed="True" />
                  <test-case description="Script ns-appflow.ps1 should be valid PowerShell" name="General project validation.Script ns-appflow.ps1 should be valid PowerShell" time="0.0283" asserts="0" success="True" result="Success" executed="True" />
                  <test-case description="Script ns-appfw.ps1 should be valid PowerShell" name="General project validation.Script ns-appfw.ps1 should be valid PowerShell" time="0.1959" asserts="0" success="True" result="Success" executed="True" />
                  <test-case description="Script ns-appqoe.ps1 should be valid PowerShell" name="General project validation.Script ns-appqoe.ps1 should be valid PowerShell" time="0.011" asserts="0" success="True" result="Success" executed="True" />
                  <test-case description="Script ns-audit.ps1 should be valid PowerShell" name="General project validation.Script ns-audit.ps1 should be valid PowerShell" time="0.0327" asserts="0" success="True" result="Success" executed="True" />
                  <test-case description="Script ns-authentication.ps1 should be valid PowerShell" name="General project validation.Script ns-authentication.ps1 should be valid PowerShell" time="0.2898" asserts="0" success="True" result="Success" executed="True" />
                  <test-case description="Script ns-authorization.ps1 should be valid PowerShell" name="General project validation.Script ns-authorization.ps1 should be valid PowerShell" time="0.0124" asserts="0" success="True" result="Success" executed="True" />
                  <test-case description="Script ns-autoscale.ps1 should be valid PowerShell" name="General project validation.Script ns-autoscale.ps1 should be valid PowerShell" time="0.0111" asserts="0" success="True" result="Success" executed="True" />
                  <test-case description="Script ns-azure.ps1 should be valid PowerShell" name="General project validation.Script ns-azure.ps1 should be valid PowerShell" time="0.0061" asserts="0" success="True" result="Success" executed="True" />
                  <test-case description="Script ns-basic.ps1 should be valid PowerShell" name="General project validation.Script ns-basic.ps1 should be valid PowerShell" time="0.1187" asserts="0" success="True" result="Success" executed="True" />
                  <test-case description="Script ns-bfd.ps1 should be valid PowerShell" name="General project validation.Script ns-bfd.ps1 should be valid PowerShell" time="0.0042" asserts="0" success="True" result="Success" executed="True" />
                  <test-case description="Script ns-bot.ps1 should be valid PowerShell" name="General project validation.Script ns-bot.ps1 should be valid PowerShell" time="0.032" asserts="0" success="True" result="Success" executed="True" />
                  <test-case description="Script ns-cache.ps1 should be valid PowerShell" name="General project validation.Script ns-cache.ps1 should be valid PowerShell" time="0.0267" asserts="0" success="True" result="Success" executed="True" />
                  <test-case description="Script ns-cloud.ps1 should be valid PowerShell" name="General project validation.Script ns-cloud.ps1 should be valid PowerShell" time="0.0131" asserts="0" success="True" result="Success" executed="True" />
                  <test-case description="Script ns-cloudtunnel.ps1 should be valid PowerShell" name="General project validation.Script ns-cloudtunnel.ps1 should be valid PowerShell" time="0.0076" asserts="0" success="True" result="Success" executed="True" />
                  <test-case description="Script ns-cluster.ps1 should be valid PowerShell" name="General project validation.Script ns-cluster.ps1 should be valid PowerShell" time="0.0686" asserts="0" success="True" result="Success" executed="True" />
                  <test-case description="Script ns-cmp.ps1 should be valid PowerShell" name="General project validation.Script ns-cmp.ps1 should be valid PowerShell" time="0.0406" asserts="0" success="True" result="Success" executed="True" />
                  <test-case description="Script ns-contentinspection.ps1 should be valid PowerShell" name="General project validation.Script ns-contentinspection.ps1 should be valid PowerShell" time="0.1505" asserts="0" success="True" result="Success" executed="True" />
                  <test-case description="Script ns-cr.ps1 should be valid PowerShell" name="General project validation.Script ns-cr.ps1 should be valid PowerShell" time="0.0284" asserts="0" success="True" result="Success" executed="True" />
                  <test-case description="Script ns-cs.ps1 should be valid PowerShell" name="General project validation.Script ns-cs.ps1 should be valid PowerShell" time="0.0464" asserts="0" success="True" result="Success" executed="True" />
                  <test-case description="Script ns-db.ps1 should be valid PowerShell" name="General project validation.Script ns-db.ps1 should be valid PowerShell" time="0.0079" asserts="0" success="True" result="Success" executed="True" />
                  <test-case description="Script ns-dns.ps1 should be valid PowerShell" name="General project validation.Script ns-dns.ps1 should be valid PowerShell" time="0.1186" asserts="0" success="True" result="Success" executed="True" />
                  <test-case description="Script ns-endpoint.ps1 should be valid PowerShell" name="General project validation.Script ns-endpoint.ps1 should be valid PowerShell" time="0.0058" asserts="0" success="True" result="Success" executed="True" />
                  <test-case description="Script ns-feo.ps1 should be valid PowerShell" name="General project validation.Script ns-feo.ps1 should be valid PowerShell" time="0.0131" asserts="0" success="True" result="Success" executed="True" />
                  <test-case description="Script ns-gslb.ps1 should be valid PowerShell" name="General project validation.Script ns-gslb.ps1 should be valid PowerShell" time="0.0442" asserts="0" success="True" result="Success" executed="True" />
                  <test-case description="Script ns-ha.ps1 should be valid PowerShell" name="General project validation.Script ns-ha.ps1 should be valid PowerShell" time="0.012" asserts="0" success="True" result="Success" executed="True" />
                  <test-case description="Script ns-ica.ps1 should be valid PowerShell" name="General project validation.Script ns-ica.ps1 should be valid PowerShell" time="0.0169" asserts="0" success="True" result="Success" executed="True" />
                  <test-case description="Script ns-ipsec.ps1 should be valid PowerShell" name="General project validation.Script ns-ipsec.ps1 should be valid PowerShell" time="0.008" asserts="0" success="True" result="Success" executed="True" />
                  <test-case description="Script ns-ipsecalg.ps1 should be valid PowerShell" name="General project validation.Script ns-ipsecalg.ps1 should be valid PowerShell" time="0.0191" asserts="0" success="True" result="Success" executed="True" />
                  <test-case description="Script ns-lb.ps1 should be valid PowerShell" name="General project validation.Script ns-lb.ps1 should be valid PowerShell" time="0.327" asserts="0" success="True" result="Success" executed="True" />
                  <test-case description="Script ns-lldp.ps1 should be valid PowerShell" name="General project validation.Script ns-lldp.ps1 should be valid PowerShell" time="0.0071" asserts="0" success="True" result="Success" executed="True" />
                  <test-case description="Script ns-lsn.ps1 should be valid PowerShell" name="General project validation.Script ns-lsn.ps1 should be valid PowerShell" time="0.0648" asserts="0" success="True" result="Success" executed="True" />
                  <test-case description="Script ns-network.ps1 should be valid PowerShell" name="General project validation.Script ns-network.ps1 should be valid PowerShell" time="0.2632" asserts="0" success="True" result="Success" executed="True" />
                  <test-case description="Script ns-ns.ps1 should be valid PowerShell" name="General project validation.Script ns-ns.ps1 should be valid PowerShell" time="0.3412" asserts="0" success="True" result="Success" executed="True" />
                  <test-case description="Script ns-ntp.ps1 should be valid PowerShell" name="General project validation.Script ns-ntp.ps1 should be valid PowerShell" time="0.0079" asserts="0" success="True" result="Success" executed="True" />
                  <test-case description="Script ns-pcp.ps1 should be valid PowerShell" name="General project validation.Script ns-pcp.ps1 should be valid PowerShell" time="0.0083" asserts="0" success="True" result="Success" executed="True" />
                  <test-case description="Script ns-policy.ps1 should be valid PowerShell" name="General project validation.Script ns-policy.ps1 should be valid PowerShell" time="0.024" asserts="0" success="True" result="Success" executed="True" />
                  <test-case description="Script ns-protocol.ps1 should be valid PowerShell" name="General project validation.Script ns-protocol.ps1 should be valid PowerShell" time="0.0056" asserts="0" success="True" result="Success" executed="True" />
                  <test-case description="Script ns-quic.ps1 should be valid PowerShell" name="General project validation.Script ns-quic.ps1 should be valid PowerShell" time="0.0824" asserts="0" success="True" result="Success" executed="True" />
                  <test-case description="Script ns-quicbridge.ps1 should be valid PowerShell" name="General project validation.Script ns-quicbridge.ps1 should be valid PowerShell" time="0.0067" asserts="0" success="True" result="Success" executed="True" />
                  <test-case description="Script ns-rdp.ps1 should be valid PowerShell" name="General project validation.Script ns-rdp.ps1 should be valid PowerShell" time="0.0122" asserts="0" success="True" result="Success" executed="True" />
                  <test-case description="Script ns-reputation.ps1 should be valid PowerShell" name="General project validation.Script ns-reputation.ps1 should be valid PowerShell" time="0.0065" asserts="0" success="True" result="Success" executed="True" />
                  <test-case description="Script ns-responder.ps1 should be valid PowerShell" name="General project validation.Script ns-responder.ps1 should be valid PowerShell" time="0.0227" asserts="0" success="True" result="Success" executed="True" />
                  <test-case description="Script ns-rewrite.ps1 should be valid PowerShell" name="General project validation.Script ns-rewrite.ps1 should be valid PowerShell" time="0.0194" asserts="0" success="True" result="Success" executed="True" />
                  <test-case description="Script ns-router.ps1 should be valid PowerShell" name="General project validation.Script ns-router.ps1 should be valid PowerShell" time="0.0063" asserts="0" success="True" result="Success" executed="True" />
                  <test-case description="Script ns-smpp.ps1 should be valid PowerShell" name="General project validation.Script ns-smpp.ps1 should be valid PowerShell" time="0.0071" asserts="0" success="True" result="Success" executed="True" />
                  <test-case description="Script ns-snmp.ps1 should be valid PowerShell" name="General project validation.Script ns-snmp.ps1 should be valid PowerShell" time="0.0208" asserts="0" success="True" result="Success" executed="True" />
                  <test-case description="Script ns-spillover.ps1 should be valid PowerShell" name="General project validation.Script ns-spillover.ps1 should be valid PowerShell" time="0.009" asserts="0" success="True" result="Success" executed="True" />
                  <test-case description="Script ns-ssl.ps1 should be valid PowerShell" name="General project validation.Script ns-ssl.ps1 should be valid PowerShell" time="0.2387" asserts="0" success="True" result="Success" executed="True" />
                  <test-case description="Script ns-stream.ps1 should be valid PowerShell" name="General project validation.Script ns-stream.ps1 should be valid PowerShell" time="0.0079" asserts="0" success="True" result="Success" executed="True" />
                  <test-case description="Script ns-subscriber.ps1 should be valid PowerShell" name="General project validation.Script ns-subscriber.ps1 should be valid PowerShell" time="0.0109" asserts="0" success="True" result="Success" executed="True" />
                  <test-case description="Script ns-system.ps1 should be valid PowerShell" name="General project validation.Script ns-system.ps1 should be valid PowerShell" time="0.2261" asserts="0" success="True" result="Success" executed="True" />
                  <test-case description="Script ns-tm.ps1 should be valid PowerShell" name="General project validation.Script ns-tm.ps1 should be valid PowerShell" time="0.0299" asserts="0" success="True" result="Success" executed="True" />
                  <test-case description="Script ns-transform.ps1 should be valid PowerShell" name="General project validation.Script ns-transform.ps1 should be valid PowerShell" time="0.0902" asserts="0" success="True" result="Success" executed="True" />
                  <test-case description="Script ns-tunnel.ps1 should be valid PowerShell" name="General project validation.Script ns-tunnel.ps1 should be valid PowerShell" time="0.0106" asserts="0" success="True" result="Success" executed="True" />
                  <test-case description="Script ns-ulfd.ps1 should be valid PowerShell" name="General project validation.Script ns-ulfd.ps1 should be valid PowerShell" time="0.0098" asserts="0" success="True" result="Success" executed="True" />
                  <test-case description="Script ns-urlfiltering.ps1 should be valid PowerShell" name="General project validation.Script ns-urlfiltering.ps1 should be valid PowerShell" time="0.0083" asserts="0" success="True" result="Success" executed="True" />
                  <test-case description="Script ns-user.ps1 should be valid PowerShell" name="General project validation.Script ns-user.ps1 should be valid PowerShell" time="0.0102" asserts="0" success="True" result="Success" executed="True" />
                  <test-case description="Script ns-utility.ps1 should be valid PowerShell" name="General project validation.Script ns-utility.ps1 should be valid PowerShell" time="0.0076" asserts="0" success="True" result="Success" executed="True" />
                  <test-case description="Script ns-videooptimization.ps1 should be valid PowerShell" name="General project validation.Script ns-videooptimization.ps1 should be valid PowerShell" time="0.0487" asserts="0" success="True" result="Success" executed="True" />
                  <test-case description="Script ns-vpn.ps1 should be valid PowerShell" name="General project validation.Script ns-vpn.ps1 should be valid PowerShell" time="0.2522" asserts="0" success="True" result="Success" executed="True" />
                  <test-case description="Script ConvertFrom-NSVersion.ps1 should be valid PowerShell" name="General project validation.Script ConvertFrom-NSVersion.ps1 should be valid PowerShell" time="0.0044" asserts="0" success="True" result="Success" executed="True" />
                  <test-case description="Script Invoke-NSRetrieveCertificateRemoveInfo.ps1 should be valid PowerShell" name="General project validation.Script Invoke-NSRetrieveCertificateRemoveInfo.ps1 should be valid PowerShell" time="0.0044" asserts="0" success="True" result="Success" executed="True" />
                  <test-case description="Script Write-ConsoleText.ps1 should be valid PowerShell" name="General project validation.Script Write-ConsoleText.ps1 should be valid PowerShell" time="0.0049" asserts="0" success="True" result="Success" executed="True" />
                  <test-case description="Script Write-NSText.ps1 should be valid PowerShell" name="General project validation.Script Write-NSText.ps1 should be valid PowerShell" time="0.0045" asserts="0" success="True" result="Success" executed="True" />
                  <test-case description="Script ns-aaa.ps1 should be valid PowerShell" name="General project validation.Script ns-aaa.ps1 should be valid PowerShell" time="0.0041" asserts="0" success="True" result="Success" executed="True" />
                  <test-case description="Script ns-appflow.ps1 should be valid PowerShell" name="General project validation.Script ns-appflow.ps1 should be valid PowerShell" time="0.004" asserts="0" success="True" result="Success" executed="True" />
                  <test-case description="Script ns-appfw.ps1 should be valid PowerShell" name="General project validation.Script ns-appfw.ps1 should be valid PowerShell" time="0.0069" asserts="0" success="True" result="Success" executed="True" />
                  <test-case description="Script ns-appqoe.ps1 should be valid PowerShell" name="General project validation.Script ns-appqoe.ps1 should be valid PowerShell" time="0.0049" asserts="0" success="True" result="Success" executed="True" />
                  <test-case description="Script ns-audit.ps1 should be valid PowerShell" name="General project validation.Script ns-audit.ps1 should be valid PowerShell" time="0.005" asserts="0" success="True" result="Success" executed="True" />
                  <test-case description="Script ns-authentication.ps1 should be valid PowerShell" name="General project validation.Script ns-authentication.ps1 should be valid PowerShell" time="0.0073" asserts="0" success="True" result="Success" executed="True" />
                  <test-case description="Script ns-authorization.ps1 should be valid PowerShell" name="General project validation.Script ns-authorization.ps1 should be valid PowerShell" time="0.0052" asserts="0" success="True" result="Success" executed="True" />
                  <test-case description="Script ns-autoscale.ps1 should be valid PowerShell" name="General project validation.Script ns-autoscale.ps1 should be valid PowerShell" time="0.0051" asserts="0" success="True" result="Success" executed="True" />
                  <test-case description="Script ns-basic.ps1 should be valid PowerShell" name="General project validation.Script ns-basic.ps1 should be valid PowerShell" time="0.0055" asserts="0" success="True" result="Success" executed="True" />
                  <test-case description="Script ns-bot.ps1 should be valid PowerShell" name="General project validation.Script ns-bot.ps1 should be valid PowerShell" time="0.0063" asserts="0" success="True" result="Success" executed="True" />
                  <test-case description="Script ns-cache.ps1 should be valid PowerShell" name="General project validation.Script ns-cache.ps1 should be valid PowerShell" time="0.0066" asserts="0" success="True" result="Success" executed="True" />
                  <test-case description="Script ns-cloud.ps1 should be valid PowerShell" name="General project validation.Script ns-cloud.ps1 should be valid PowerShell" time="0.0042" asserts="0" success="True" result="Success" executed="True" />
                  <test-case description="Script ns-cluster.ps1 should be valid PowerShell" name="General project validation.Script ns-cluster.ps1 should be valid PowerShell" time="0.0055" asserts="0" success="True" result="Success" executed="True" />
                  <test-case description="Script ns-cmp.ps1 should be valid PowerShell" name="General project validation.Script ns-cmp.ps1 should be valid PowerShell" time="0.0063" asserts="0" success="True" result="Success" executed="True" />
                  <test-case description="Script ns-contentinspection.ps1 should be valid PowerShell" name="General project validation.Script ns-contentinspection.ps1 should be valid PowerShell" time="0.0053" asserts="0" success="True" result="Success" executed="True" />
                  <test-case description="Script ns-cr.ps1 should be valid PowerShell" name="General project validation.Script ns-cr.ps1 should be valid PowerShell" time="0.0066" asserts="0" success="True" result="Success" executed="True" />
                  <test-case description="Script ns-cs.ps1 should be valid PowerShell" name="General project validation.Script ns-cs.ps1 should be valid PowerShell" time="0.0056" asserts="0" success="True" result="Success" executed="True" />
                  <test-case description="Script ns-dns.ps1 should be valid PowerShell" name="General project validation.Script ns-dns.ps1 should be valid PowerShell" time="0.0061" asserts="0" success="True" result="Success" executed="True" />
                  <test-case description="Script ns-feo.ps1 should be valid PowerShell" name="General project validation.Script ns-feo.ps1 should be valid PowerShell" time="0.0066" asserts="0" success="True" result="Success" executed="True" />
                  <test-case description="Script ns-gslb.ps1 should be valid PowerShell" name="General project validation.Script ns-gslb.ps1 should be valid PowerShell" time="0.008" asserts="0" success="True" result="Success" executed="True" />
                  <test-case description="Script ns-ha.ps1 should be valid PowerShell" name="General project validation.Script ns-ha.ps1 should be valid PowerShell" time="0.0064" asserts="0" success="True" result="Success" executed="True" />
                  <test-case description="Script ns-ica.ps1 should be valid PowerShell" name="General project validation.Script ns-ica.ps1 should be valid PowerShell" time="0.0064" asserts="0" success="True" result="Success" executed="True" />
                  <test-case description="Script ns-ipsec.ps1 should be valid PowerShell" name="General project validation.Script ns-ipsec.ps1 should be valid PowerShell" time="0.0051" asserts="0" success="True" result="Success" executed="True" />
                  <test-case description="Script ns-ipsecalg.ps1 should be valid PowerShell" name="General project validation.Script ns-ipsecalg.ps1 should be valid PowerShell" time="0.0063" asserts="0" success="True" result="Success" executed="True" />
                  <test-case description="Script ns-lb.ps1 should be valid PowerShell" name="General project validation.Script ns-lb.ps1 should be valid PowerShell" time="0.0063" asserts="0" success="True" result="Success" executed="True" />
                  <test-case description="Script ns-lldp.ps1 should be valid PowerShell" name="General project validation.Script ns-lldp.ps1 should be valid PowerShell" time="0.0053" asserts="0" success="True" result="Success" executed="True" />
                  <test-case description="Script ns-lsn.ps1 should be valid PowerShell" name="General project validation.Script ns-lsn.ps1 should be valid PowerShell" time="0.0091" asserts="0" success="True" result="Success" executed="True" />
                  <test-case description="Script ns-network.ps1 should be valid PowerShell" name="General project validation.Script ns-network.ps1 should be valid PowerShell" time="0.0701" asserts="0" success="True" result="Success" executed="True" />
                  <test-case description="Script ns-ns.ps1 should be valid PowerShell" name="General project validation.Script ns-ns.ps1 should be valid PowerShell" time="0.0078" asserts="0" success="True" result="Success" executed="True" />
                  <test-case description="Script ns-pcp.ps1 should be valid PowerShell" name="General project validation.Script ns-pcp.ps1 should be valid PowerShell" time="0.0044" asserts="0" success="True" result="Success" executed="True" />
                  <test-case description="Script ns-protocol.ps1 should be valid PowerShell" name="General project validation.Script ns-protocol.ps1 should be valid PowerShell" time="0.009" asserts="0" success="True" result="Success" executed="True" />
                  <test-case description="Script ns-qos.ps1 should be valid PowerShell" name="General project validation.Script ns-qos.ps1 should be valid PowerShell" time="0.0041" asserts="0" success="True" result="Success" executed="True" />
                  <test-case description="Script ns-responder.ps1 should be valid PowerShell" name="General project validation.Script ns-responder.ps1 should be valid PowerShell" time="0.0052" asserts="0" success="True" result="Success" executed="True" />
                  <test-case description="Script ns-rewrite.ps1 should be valid PowerShell" name="General project validation.Script ns-rewrite.ps1 should be valid PowerShell" time="0.0049" asserts="0" success="True" result="Success" executed="True" />
                  <test-case description="Script ns-snmp.ps1 should be valid PowerShell" name="General project validation.Script ns-snmp.ps1 should be valid PowerShell" time="0.0058" asserts="0" success="True" result="Success" executed="True" />
                  <test-case description="Script ns-spillover.ps1 should be valid PowerShell" name="General project validation.Script ns-spillover.ps1 should be valid PowerShell" time="0.0057" asserts="0" success="True" result="Success" executed="True" />
                  <test-case description="Script ns-ssl.ps1 should be valid PowerShell" name="General project validation.Script ns-ssl.ps1 should be valid PowerShell" time="0.0048" asserts="0" success="True" result="Success" executed="True" />
                  <test-case description="Script ns-stream.ps1 should be valid PowerShell" name="General project validation.Script ns-stream.ps1 should be valid PowerShell" time="0.0054" asserts="0" success="True" result="Success" executed="True" />
                  <test-case description="Script ns-system.ps1 should be valid PowerShell" name="General project validation.Script ns-system.ps1 should be valid PowerShell" time="0.0065" asserts="0" success="True" result="Success" executed="True" />
                  <test-case description="Script ns-tm.ps1 should be valid PowerShell" name="General project validation.Script ns-tm.ps1 should be valid PowerShell" time="0.0048" asserts="0" success="True" result="Success" executed="True" />
                  <test-case description="Script ns-transform.ps1 should be valid PowerShell" name="General project validation.Script ns-transform.ps1 should be valid PowerShell" time="0.0063" asserts="0" success="True" result="Success" executed="True" />
                  <test-case description="Script ns-tunnel.ps1 should be valid PowerShell" name="General project validation.Script ns-tunnel.ps1 should be valid PowerShell" time="0.0053" asserts="0" success="True" result="Success" executed="True" />
                  <test-case description="Script ns-user.ps1 should be valid PowerShell" name="General project validation.Script ns-user.ps1 should be valid PowerShell" time="0.0043" asserts="0" success="True" result="Success" executed="True" />
                  <test-case description="Script ns-videooptimization.ps1 should be valid PowerShell" name="General project validation.Script ns-videooptimization.ps1 should be valid PowerShell" time="0.0069" asserts="0" success="True" result="Success" executed="True" />
                  <test-case description="Script ns-vpn.ps1 should be valid PowerShell" name="General project validation.Script ns-vpn.ps1 should be valid PowerShell" time="0.006" asserts="0" success="True" result="Success" executed="True" />
                </results>
              </test-suite>
              <test-suite type="ParameterizedTest" name="General project validation.Script &lt;file.Name&gt; should be signed" executed="True" result="Success" success="True" time="1.5586" asserts="0" description="Script &lt;file.Name&gt; should be signed">
                <results>
                  <test-case description="Script ConvertFrom-NSVersion.ps1 should be signed" name="General project validation.Script ConvertFrom-NSVersion.ps1 should be signed" time="0.0126" asserts="0" success="True" result="Success" executed="True" />
                  <test-case description="Script Invoke-NSRetrieveCertificateRemoveInfo.ps1 should be signed" name="General project validation.Script Invoke-NSRetrieveCertificateRemoveInfo.ps1 should be signed" time="0.0134" asserts="0" success="True" result="Success" executed="True" />
                  <test-case description="Script Write-ConsoleText.ps1 should be signed" name="General project validation.Script Write-ConsoleText.ps1 should be signed" time="0.0134" asserts="0" success="True" result="Success" executed="True" />
                  <test-case description="Script Write-NSText.ps1 should be signed" name="General project validation.Script Write-NSText.ps1 should be signed" time="0.0142" asserts="0" success="True" result="Success" executed="True" />
                  <test-case description="Script Connect-NSHANodes.ps1 should be signed" name="General project validation.Script Connect-NSHANodes.ps1 should be signed" time="0.0152" asserts="0" success="True" result="Success" executed="True" />
                  <test-case description="Script Connect-NSNode.ps1 should be signed" name="General project validation.Script Connect-NSNode.ps1 should be signed" time="0.014" asserts="0" success="True" result="Success" executed="True" />
                  <test-case description="Script Disconnect-NSNode.ps1 should be signed" name="General project validation.Script Disconnect-NSNode.ps1 should be signed" time="0.0139" asserts="0" success="True" result="Success" executed="True" />
                  <test-case description="Script Expand-NSResult.ps1 should be signed" name="General project validation.Script Expand-NSResult.ps1 should be signed" time="0.0145" asserts="0" success="True" result="Success" executed="True" />
                  <test-case description="Script Get-NSSession.ps1 should be signed" name="General project validation.Script Get-NSSession.ps1 should be signed" time="0.0139" asserts="0" success="True" result="Success" executed="True" />
                  <test-case description="Script Invoke-NSCleanCertKeyFiles.ps1 should be signed" name="General project validation.Script Invoke-NSCleanCertKeyFiles.ps1 should be signed" time="0.0138" asserts="0" success="True" result="Success" executed="True" />
                  <test-case description="Script Invoke-NSGetSystemFileDirectories.ps1 should be signed" name="General project validation.Script Invoke-NSGetSystemFileDirectories.ps1 should be signed" time="0.0153" asserts="0" success="True" result="Success" executed="True" />
                  <test-case description="Script Invoke-NSNitroApi.ps1 should be signed" name="General project validation.Script Invoke-NSNitroApi.ps1 should be signed" time="0.015" asserts="0" success="True" result="Success" executed="True" />
                  <test-case description="Script ConvertFrom-NSVersion.ps1 should be signed" name="General project validation.Script ConvertFrom-NSVersion.ps1 should be signed" time="0.0139" asserts="0" success="True" result="Success" executed="True" />
                  <test-case description="Script Invoke-NSRetrieveCertificateRemoveInfo.ps1 should be signed" name="General project validation.Script Invoke-NSRetrieveCertificateRemoveInfo.ps1 should be signed" time="0.0157" asserts="0" success="True" result="Success" executed="True" />
                  <test-case description="Script Write-ConsoleText.ps1 should be signed" name="General project validation.Script Write-ConsoleText.ps1 should be signed" time="0.0162" asserts="0" success="True" result="Success" executed="True" />
                  <test-case description="Script Write-NSText.ps1 should be signed" name="General project validation.Script Write-NSText.ps1 should be signed" time="0.0145" asserts="0" success="True" result="Success" executed="True" />
                  <test-case description="Script ns-aaa.ps1 should be signed" name="General project validation.Script ns-aaa.ps1 should be signed" time="0.02" asserts="0" success="True" result="Success" executed="True" />
                  <test-case description="Script ns-adm.ps1 should be signed" name="General project validation.Script ns-adm.ps1 should be signed" time="0.0085" asserts="0" success="True" result="Success" executed="True" />
                  <test-case description="Script ns-analytics.ps1 should be signed" name="General project validation.Script ns-analytics.ps1 should be signed" time="0.0086" asserts="0" success="True" result="Success" executed="True" />
                  <test-case description="Script ns-api.ps1 should be signed" name="General project validation.Script ns-api.ps1 should be signed" time="0.0075" asserts="0" success="True" result="Success" executed="True" />
                  <test-case description="Script ns-app.ps1 should be signed" name="General project validation.Script ns-app.ps1 should be signed" time="0.0077" asserts="0" success="True" result="Success" executed="True" />
                  <test-case description="Script ns-appflow.ps1 should be signed" name="General project validation.Script ns-appflow.ps1 should be signed" time="0.0117" asserts="0" success="True" result="Success" executed="True" />
                  <test-case description="Script ns-appfw.ps1 should be signed" name="General project validation.Script ns-appfw.ps1 should be signed" time="0.0312" asserts="0" success="True" result="Success" executed="True" />
                  <test-case description="Script ns-appqoe.ps1 should be signed" name="General project validation.Script ns-appqoe.ps1 should be signed" time="0.0083" asserts="0" success="True" result="Success" executed="True" />
                  <test-case description="Script ns-audit.ps1 should be signed" name="General project validation.Script ns-audit.ps1 should be signed" time="0.013" asserts="0" success="True" result="Success" executed="True" />
                  <test-case description="Script ns-authentication.ps1 should be signed" name="General project validation.Script ns-authentication.ps1 should be signed" time="0.0407" asserts="0" success="True" result="Success" executed="True" />
                  <test-case description="Script ns-authorization.ps1 should be signed" name="General project validation.Script ns-authorization.ps1 should be signed" time="0.0073" asserts="0" success="True" result="Success" executed="True" />
                  <test-case description="Script ns-autoscale.ps1 should be signed" name="General project validation.Script ns-autoscale.ps1 should be signed" time="0.0081" asserts="0" success="True" result="Success" executed="True" />
                  <test-case description="Script ns-azure.ps1 should be signed" name="General project validation.Script ns-azure.ps1 should be signed" time="0.008" asserts="0" success="True" result="Success" executed="True" />
                  <test-case description="Script ns-basic.ps1 should be signed" name="General project validation.Script ns-basic.ps1 should be signed" time="0.0154" asserts="0" success="True" result="Success" executed="True" />
                  <test-case description="Script ns-bfd.ps1 should be signed" name="General project validation.Script ns-bfd.ps1 should be signed" time="0.0076" asserts="0" success="True" result="Success" executed="True" />
                  <test-case description="Script ns-bot.ps1 should be signed" name="General project validation.Script ns-bot.ps1 should be signed" time="0.0118" asserts="0" success="True" result="Success" executed="True" />
                  <test-case description="Script ns-cache.ps1 should be signed" name="General project validation.Script ns-cache.ps1 should be signed" time="0.0104" asserts="0" success="True" result="Success" executed="True" />
                  <test-case description="Script ns-cloud.ps1 should be signed" name="General project validation.Script ns-cloud.ps1 should be signed" time="0.0083" asserts="0" success="True" result="Success" executed="True" />
                  <test-case description="Script ns-cloudtunnel.ps1 should be signed" name="General project validation.Script ns-cloudtunnel.ps1 should be signed" time="0.0065" asserts="0" success="True" result="Success" executed="True" />
                  <test-case description="Script ns-cluster.ps1 should be signed" name="General project validation.Script ns-cluster.ps1 should be signed" time="0.0119" asserts="0" success="True" result="Success" executed="True" />
                  <test-case description="Script ns-cmp.ps1 should be signed" name="General project validation.Script ns-cmp.ps1 should be signed" time="0.0093" asserts="0" success="True" result="Success" executed="True" />
                  <test-case description="Script ns-contentinspection.ps1 should be signed" name="General project validation.Script ns-contentinspection.ps1 should be signed" time="0.0099" asserts="0" success="True" result="Success" executed="True" />
                  <test-case description="Script ns-cr.ps1 should be signed" name="General project validation.Script ns-cr.ps1 should be signed" time="0.0122" asserts="0" success="True" result="Success" executed="True" />
                  <test-case description="Script ns-cs.ps1 should be signed" name="General project validation.Script ns-cs.ps1 should be signed" time="0.0167" asserts="0" success="True" result="Success" executed="True" />
                  <test-case description="Script ns-db.ps1 should be signed" name="General project validation.Script ns-db.ps1 should be signed" time="0.0083" asserts="0" success="True" result="Success" executed="True" />
                  <test-case description="Script ns-dns.ps1 should be signed" name="General project validation.Script ns-dns.ps1 should be signed" time="0.0172" asserts="0" success="True" result="Success" executed="True" />
                  <test-case description="Script ns-endpoint.ps1 should be signed" name="General project validation.Script ns-endpoint.ps1 should be signed" time="0.0081" asserts="0" success="True" result="Success" executed="True" />
                  <test-case description="Script ns-feo.ps1 should be signed" name="General project validation.Script ns-feo.ps1 should be signed" time="0.0089" asserts="0" success="True" result="Success" executed="True" />
                  <test-case description="Script ns-gslb.ps1 should be signed" name="General project validation.Script ns-gslb.ps1 should be signed" time="0.0139" asserts="0" success="True" result="Success" executed="True" />
                  <test-case description="Script ns-ha.ps1 should be signed" name="General project validation.Script ns-ha.ps1 should be signed" time="0.0075" asserts="0" success="True" result="Success" executed="True" />
                  <test-case description="Script ns-ica.ps1 should be signed" name="General project validation.Script ns-ica.ps1 should be signed" time="0.0101" asserts="0" success="True" result="Success" executed="True" />
                  <test-case description="Script ns-ipsec.ps1 should be signed" name="General project validation.Script ns-ipsec.ps1 should be signed" time="0.0091" asserts="0" success="True" result="Success" executed="True" />
                  <test-case description="Script ns-ipsecalg.ps1 should be signed" name="General project validation.Script ns-ipsecalg.ps1 should be signed" time="0.0072" asserts="0" success="True" result="Success" executed="True" />
                  <test-case description="Script ns-lb.ps1 should be signed" name="General project validation.Script ns-lb.ps1 should be signed" time="0.0281" asserts="0" success="True" result="Success" executed="True" />
                  <test-case description="Script ns-lldp.ps1 should be signed" name="General project validation.Script ns-lldp.ps1 should be signed" time="0.0075" asserts="0" success="True" result="Success" executed="True" />
                  <test-case description="Script ns-lsn.ps1 should be signed" name="General project validation.Script ns-lsn.ps1 should be signed" time="0.0183" asserts="0" success="True" result="Success" executed="True" />
                  <test-case description="Script ns-network.ps1 should be signed" name="General project validation.Script ns-network.ps1 should be signed" time="0.0337" asserts="0" success="True" result="Success" executed="True" />
                  <test-case description="Script ns-ns.ps1 should be signed" name="General project validation.Script ns-ns.ps1 should be signed" time="0.0362" asserts="0" success="True" result="Success" executed="True" />
                  <test-case description="Script ns-ntp.ps1 should be signed" name="General project validation.Script ns-ntp.ps1 should be signed" time="0.0077" asserts="0" success="True" result="Success" executed="True" />
                  <test-case description="Script ns-pcp.ps1 should be signed" name="General project validation.Script ns-pcp.ps1 should be signed" time="0.0098" asserts="0" success="True" result="Success" executed="True" />
                  <test-case description="Script ns-policy.ps1 should be signed" name="General project validation.Script ns-policy.ps1 should be signed" time="0.0112" asserts="0" success="True" result="Success" executed="True" />
                  <test-case description="Script ns-protocol.ps1 should be signed" name="General project validation.Script ns-protocol.ps1 should be signed" time="0.0074" asserts="0" success="True" result="Success" executed="True" />
                  <test-case description="Script ns-quic.ps1 should be signed" name="General project validation.Script ns-quic.ps1 should be signed" time="0.0077" asserts="0" success="True" result="Success" executed="True" />
                  <test-case description="Script ns-quicbridge.ps1 should be signed" name="General project validation.Script ns-quicbridge.ps1 should be signed" time="0.0135" asserts="0" success="True" result="Success" executed="True" />
                  <test-case description="Script ns-rdp.ps1 should be signed" name="General project validation.Script ns-rdp.ps1 should be signed" time="0.0093" asserts="0" success="True" result="Success" executed="True" />
                  <test-case description="Script ns-reputation.ps1 should be signed" name="General project validation.Script ns-reputation.ps1 should be signed" time="0.0069" asserts="0" success="True" result="Success" executed="True" />
                  <test-case description="Script ns-responder.ps1 should be signed" name="General project validation.Script ns-responder.ps1 should be signed" time="0.0115" asserts="0" success="True" result="Success" executed="True" />
                  <test-case description="Script ns-rewrite.ps1 should be signed" name="General project validation.Script ns-rewrite.ps1 should be signed" time="0.0102" asserts="0" success="True" result="Success" executed="True" />
                  <test-case description="Script ns-router.ps1 should be signed" name="General project validation.Script ns-router.ps1 should be signed" time="0.0078" asserts="0" success="True" result="Success" executed="True" />
                  <test-case description="Script ns-smpp.ps1 should be signed" name="General project validation.Script ns-smpp.ps1 should be signed" time="0.0101" asserts="0" success="True" result="Success" executed="True" />
                  <test-case description="Script ns-snmp.ps1 should be signed" name="General project validation.Script ns-snmp.ps1 should be signed" time="0.0107" asserts="0" success="True" result="Success" executed="True" />
                  <test-case description="Script ns-spillover.ps1 should be signed" name="General project validation.Script ns-spillover.ps1 should be signed" time="0.0078" asserts="0" success="True" result="Success" executed="True" />
                  <test-case description="Script ns-ssl.ps1 should be signed" name="General project validation.Script ns-ssl.ps1 should be signed" time="0.1199" asserts="0" success="True" result="Success" executed="True" />
                  <test-case description="Script ns-stream.ps1 should be signed" name="General project validation.Script ns-stream.ps1 should be signed" time="0.0121" asserts="0" success="True" result="Success" executed="True" />
                  <test-case description="Script ns-subscriber.ps1 should be signed" name="General project validation.Script ns-subscriber.ps1 should be signed" time="0.0078" asserts="0" success="True" result="Success" executed="True" />
                  <test-case description="Script ns-system.ps1 should be signed" name="General project validation.Script ns-system.ps1 should be signed" time="0.0137" asserts="0" success="True" result="Success" executed="True" />
                  <test-case description="Script ns-tm.ps1 should be signed" name="General project validation.Script ns-tm.ps1 should be signed" time="0.0123" asserts="0" success="True" result="Success" executed="True" />
                  <test-case description="Script ns-transform.ps1 should be signed" name="General project validation.Script ns-transform.ps1 should be signed" time="0.0101" asserts="0" success="True" result="Success" executed="True" />
                  <test-case description="Script ns-tunnel.ps1 should be signed" name="General project validation.Script ns-tunnel.ps1 should be signed" time="0.0071" asserts="0" success="True" result="Success" executed="True" />
                  <test-case description="Script ns-ulfd.ps1 should be signed" name="General project validation.Script ns-ulfd.ps1 should be signed" time="0.0074" asserts="0" success="True" result="Success" executed="True" />
                  <test-case description="Script ns-urlfiltering.ps1 should be signed" name="General project validation.Script ns-urlfiltering.ps1 should be signed" time="0.0065" asserts="0" success="True" result="Success" executed="True" />
                  <test-case description="Script ns-user.ps1 should be signed" name="General project validation.Script ns-user.ps1 should be signed" time="0.0075" asserts="0" success="True" result="Success" executed="True" />
                  <test-case description="Script ns-utility.ps1 should be signed" name="General project validation.Script ns-utility.ps1 should be signed" time="0.0108" asserts="0" success="True" result="Success" executed="True" />
                  <test-case description="Script ns-videooptimization.ps1 should be signed" name="General project validation.Script ns-videooptimization.ps1 should be signed" time="0.0113" asserts="0" success="True" result="Success" executed="True" />
                  <test-case description="Script ns-vpn.ps1 should be signed" name="General project validation.Script ns-vpn.ps1 should be signed" time="0.0469" asserts="0" success="True" result="Success" executed="True" />
                  <test-case description="Script ConvertFrom-NSVersion.ps1 should be signed" name="General project validation.Script ConvertFrom-NSVersion.ps1 should be signed" time="0.0254" asserts="0" success="True" result="Success" executed="True" />
                  <test-case description="Script Invoke-NSRetrieveCertificateRemoveInfo.ps1 should be signed" name="General project validation.Script Invoke-NSRetrieveCertificateRemoveInfo.ps1 should be signed" time="0.0152" asserts="0" success="True" result="Success" executed="True" />
                  <test-case description="Script Write-ConsoleText.ps1 should be signed" name="General project validation.Script Write-ConsoleText.ps1 should be signed" time="0.0139" asserts="0" success="True" result="Success" executed="True" />
                  <test-case description="Script Write-NSText.ps1 should be signed" name="General project validation.Script Write-NSText.ps1 should be signed" time="0.0138" asserts="0" success="True" result="Success" executed="True" />
                  <test-case description="Script ns-aaa.ps1 should be signed" name="General project validation.Script ns-aaa.ps1 should be signed" time="0.0084" asserts="0" success="True" result="Success" executed="True" />
                  <test-case description="Script ns-appflow.ps1 should be signed" name="General project validation.Script ns-appflow.ps1 should be signed" time="0.0084" asserts="0" success="True" result="Success" executed="True" />
                  <test-case description="Script ns-appfw.ps1 should be signed" name="General project validation.Script ns-appfw.ps1 should be signed" time="0.0108" asserts="0" success="True" result="Success" executed="True" />
                  <test-case description="Script ns-appqoe.ps1 should be signed" name="General project validation.Script ns-appqoe.ps1 should be signed" time="0.0089" asserts="0" success="True" result="Success" executed="True" />
                  <test-case description="Script ns-audit.ps1 should be signed" name="General project validation.Script ns-audit.ps1 should be signed" time="0.0069" asserts="0" success="True" result="Success" executed="True" />
                  <test-case description="Script ns-authentication.ps1 should be signed" name="General project validation.Script ns-authentication.ps1 should be signed" time="0.0077" asserts="0" success="True" result="Success" executed="True" />
                  <test-case description="Script ns-authorization.ps1 should be signed" name="General project validation.Script ns-authorization.ps1 should be signed" time="0.0067" asserts="0" success="True" result="Success" executed="True" />
                  <test-case description="Script ns-autoscale.ps1 should be signed" name="General project validation.Script ns-autoscale.ps1 should be signed" time="0.0061" asserts="0" success="True" result="Success" executed="True" />
                  <test-case description="Script ns-basic.ps1 should be signed" name="General project validation.Script ns-basic.ps1 should be signed" time="0.0077" asserts="0" success="True" result="Success" executed="True" />
                  <test-case description="Script ns-bot.ps1 should be signed" name="General project validation.Script ns-bot.ps1 should be signed" time="0.0073" asserts="0" success="True" result="Success" executed="True" />
                  <test-case description="Script ns-cache.ps1 should be signed" name="General project validation.Script ns-cache.ps1 should be signed" time="0.0085" asserts="0" success="True" result="Success" executed="True" />
                  <test-case description="Script ns-cloud.ps1 should be signed" name="General project validation.Script ns-cloud.ps1 should be signed" time="0.0077" asserts="0" success="True" result="Success" executed="True" />
                  <test-case description="Script ns-cluster.ps1 should be signed" name="General project validation.Script ns-cluster.ps1 should be signed" time="0.0103" asserts="0" success="True" result="Success" executed="True" />
                  <test-case description="Script ns-cmp.ps1 should be signed" name="General project validation.Script ns-cmp.ps1 should be signed" time="0.0075" asserts="0" success="True" result="Success" executed="True" />
                  <test-case description="Script ns-contentinspection.ps1 should be signed" name="General project validation.Script ns-contentinspection.ps1 should be signed" time="0.0073" asserts="0" success="True" result="Success" executed="True" />
                  <test-case description="Script ns-cr.ps1 should be signed" name="General project validation.Script ns-cr.ps1 should be signed" time="0.0074" asserts="0" success="True" result="Success" executed="True" />
                  <test-case description="Script ns-cs.ps1 should be signed" name="General project validation.Script ns-cs.ps1 should be signed" time="0.0071" asserts="0" success="True" result="Success" executed="True" />
                  <test-case description="Script ns-dns.ps1 should be signed" name="General project validation.Script ns-dns.ps1 should be signed" time="0.0082" asserts="0" success="True" result="Success" executed="True" />
                  <test-case description="Script ns-feo.ps1 should be signed" name="General project validation.Script ns-feo.ps1 should be signed" time="0.0069" asserts="0" success="True" result="Success" executed="True" />
                  <test-case description="Script ns-gslb.ps1 should be signed" name="General project validation.Script ns-gslb.ps1 should be signed" time="0.0069" asserts="0" success="True" result="Success" executed="True" />
                  <test-case description="Script ns-ha.ps1 should be signed" name="General project validation.Script ns-ha.ps1 should be signed" time="0.0086" asserts="0" success="True" result="Success" executed="True" />
                  <test-case description="Script ns-ica.ps1 should be signed" name="General project validation.Script ns-ica.ps1 should be signed" time="0.0054" asserts="0" success="True" result="Success" executed="True" />
                  <test-case description="Script ns-ipsec.ps1 should be signed" name="General project validation.Script ns-ipsec.ps1 should be signed" time="0.0105" asserts="0" success="True" result="Success" executed="True" />
                  <test-case description="Script ns-ipsecalg.ps1 should be signed" name="General project validation.Script ns-ipsecalg.ps1 should be signed" time="0.0078" asserts="0" success="True" result="Success" executed="True" />
                  <test-case description="Script ns-lb.ps1 should be signed" name="General project validation.Script ns-lb.ps1 should be signed" time="0.0071" asserts="0" success="True" result="Success" executed="True" />
                  <test-case description="Script ns-lldp.ps1 should be signed" name="General project validation.Script ns-lldp.ps1 should be signed" time="0.0059" asserts="0" success="True" result="Success" executed="True" />
                  <test-case description="Script ns-lsn.ps1 should be signed" name="General project validation.Script ns-lsn.ps1 should be signed" time="0.0072" asserts="0" success="True" result="Success" executed="True" />
                  <test-case description="Script ns-network.ps1 should be signed" name="General project validation.Script ns-network.ps1 should be signed" time="0.0068" asserts="0" success="True" result="Success" executed="True" />
                  <test-case description="Script ns-ns.ps1 should be signed" name="General project validation.Script ns-ns.ps1 should be signed" time="0.0085" asserts="0" success="True" result="Success" executed="True" />
                  <test-case description="Script ns-pcp.ps1 should be signed" name="General project validation.Script ns-pcp.ps1 should be signed" time="0.0062" asserts="0" success="True" result="Success" executed="True" />
                  <test-case description="Script ns-protocol.ps1 should be signed" name="General project validation.Script ns-protocol.ps1 should be signed" time="0.0083" asserts="0" success="True" result="Success" executed="True" />
                  <test-case description="Script ns-qos.ps1 should be signed" name="General project validation.Script ns-qos.ps1 should be signed" time="0.0096" asserts="0" success="True" result="Success" executed="True" />
                  <test-case description="Script ns-responder.ps1 should be signed" name="General project validation.Script ns-responder.ps1 should be signed" time="0.0078" asserts="0" success="True" result="Success" executed="True" />
                  <test-case description="Script ns-rewrite.ps1 should be signed" name="General project validation.Script ns-rewrite.ps1 should be signed" time="0.0064" asserts="0" success="True" result="Success" executed="True" />
                  <test-case description="Script ns-snmp.ps1 should be signed" name="General project validation.Script ns-snmp.ps1 should be signed" time="0.0062" asserts="0" success="True" result="Success" executed="True" />
                  <test-case description="Script ns-spillover.ps1 should be signed" name="General project validation.Script ns-spillover.ps1 should be signed" time="0.0067" asserts="0" success="True" result="Success" executed="True" />
                  <test-case description="Script ns-ssl.ps1 should be signed" name="General project validation.Script ns-ssl.ps1 should be signed" time="0.006" asserts="0" success="True" result="Success" executed="True" />
                  <test-case description="Script ns-stream.ps1 should be signed" name="General project validation.Script ns-stream.ps1 should be signed" time="0.0064" asserts="0" success="True" result="Success" executed="True" />
                  <test-case description="Script ns-system.ps1 should be signed" name="General project validation.Script ns-system.ps1 should be signed" time="0.0075" asserts="0" success="True" result="Success" executed="True" />
                  <test-case description="Script ns-tm.ps1 should be signed" name="General project validation.Script ns-tm.ps1 should be signed" time="0.0078" asserts="0" success="True" result="Success" executed="True" />
                  <test-case description="Script ns-transform.ps1 should be signed" name="General project validation.Script ns-transform.ps1 should be signed" time="0.0073" asserts="0" success="True" result="Success" executed="True" />
                  <test-case description="Script ns-tunnel.ps1 should be signed" name="General project validation.Script ns-tunnel.ps1 should be signed" time="0.0099" asserts="0" success="True" result="Success" executed="True" />
                  <test-case description="Script ns-user.ps1 should be signed" name="General project validation.Script ns-user.ps1 should be signed" time="0.0081" asserts="0" success="True" result="Success" executed="True" />
                  <test-case description="Script ns-videooptimization.ps1 should be signed" name="General project validation.Script ns-videooptimization.ps1 should be signed" time="0.0064" asserts="0" success="True" result="Success" executed="True" />
                  <test-case description="Script ns-vpn.ps1 should be signed" name="General project validation.Script ns-vpn.ps1 should be signed" time="0.0062" asserts="0" success="True" result="Success" executed="True" />
                </results>
              </test-suite>
              <test-suite type="ParameterizedTest" name="General project validation.Script &lt;file.Name&gt; should pass ScriptAnalyzer" executed="True" result="Success" success="True" time="10.1111" asserts="0" description="Script &lt;file.Name&gt; should pass ScriptAnalyzer">
                <results>
                  <test-case description="Script ConvertFrom-NSVersion.ps1 should pass ScriptAnalyzer" name="General project validation.Script ConvertFrom-NSVersion.ps1 should pass ScriptAnalyzer" time="0.0661" asserts="0" success="True" result="Success" executed="True" />
                  <test-case description="Script Invoke-NSRetrieveCertificateRemoveInfo.ps1 should pass ScriptAnalyzer" name="General project validation.Script Invoke-NSRetrieveCertificateRemoveInfo.ps1 should pass ScriptAnalyzer" time="0.0484" asserts="0" success="True" result="Success" executed="True" />
                  <test-case description="Script Write-ConsoleText.ps1 should pass ScriptAnalyzer" name="General project validation.Script Write-ConsoleText.ps1 should pass ScriptAnalyzer" time="0.0413" asserts="0" success="True" result="Success" executed="True" />
                  <test-case description="Script Write-NSText.ps1 should pass ScriptAnalyzer" name="General project validation.Script Write-NSText.ps1 should pass ScriptAnalyzer" time="0.0228" asserts="0" success="True" result="Success" executed="True" />
                  <test-case description="Script Connect-NSHANodes.ps1 should pass ScriptAnalyzer" name="General project validation.Script Connect-NSHANodes.ps1 should pass ScriptAnalyzer" time="0.0224" asserts="0" success="True" result="Success" executed="True" />
                  <test-case description="Script Connect-NSNode.ps1 should pass ScriptAnalyzer" name="General project validation.Script Connect-NSNode.ps1 should pass ScriptAnalyzer" time="0.0303" asserts="0" success="True" result="Success" executed="True" />
                  <test-case description="Script Disconnect-NSNode.ps1 should pass ScriptAnalyzer" name="General project validation.Script Disconnect-NSNode.ps1 should pass ScriptAnalyzer" time="0.0298" asserts="0" success="True" result="Success" executed="True" />
                  <test-case description="Script Expand-NSResult.ps1 should pass ScriptAnalyzer" name="General project validation.Script Expand-NSResult.ps1 should pass ScriptAnalyzer" time="0.0187" asserts="0" success="True" result="Success" executed="True" />
                  <test-case description="Script Get-NSSession.ps1 should pass ScriptAnalyzer" name="General project validation.Script Get-NSSession.ps1 should pass ScriptAnalyzer" time="0.0205" asserts="0" success="True" result="Success" executed="True" />
                  <test-case description="Script Invoke-NSCleanCertKeyFiles.ps1 should pass ScriptAnalyzer" name="General project validation.Script Invoke-NSCleanCertKeyFiles.ps1 should pass ScriptAnalyzer" time="0.0221" asserts="0" success="True" result="Success" executed="True" />
                  <test-case description="Script Invoke-NSGetSystemFileDirectories.ps1 should pass ScriptAnalyzer" name="General project validation.Script Invoke-NSGetSystemFileDirectories.ps1 should pass ScriptAnalyzer" time="0.0227" asserts="0" success="True" result="Success" executed="True" />
                  <test-case description="Script Invoke-NSNitroApi.ps1 should pass ScriptAnalyzer" name="General project validation.Script Invoke-NSNitroApi.ps1 should pass ScriptAnalyzer" time="0.0231" asserts="0" success="True" result="Success" executed="True" />
[...]
                  <test-case description="Script ns-network.ps1 should pass ScriptAnalyzer" name="General project validation.Script ns-network.ps1 should pass ScriptAnalyzer" time="0.7697" asserts="0" success="True" result="Success" executed="True" />
                  <test-case description="Script ns-ns.ps1 should pass ScriptAnalyzer" name="General project validation.Script ns-ns.ps1 should pass ScriptAnalyzer" time="0.7313" asserts="0" success="True" result="Success" executed="True" />
                  <test-case description="Script ns-ntp.ps1 should pass ScriptAnalyzer" name="General project validation.Script ns-ntp.ps1 should pass ScriptAnalyzer" time="0.0656" asserts="0" success="True" result="Success" executed="True" />
                  <test-case description="Script ns-pcp.ps1 should pass ScriptAnalyzer" name="General project validation.Script ns-pcp.ps1 should pass ScriptAnalyzer" time="0.0261" asserts="0" success="True" result="Success" executed="True" />
                  <test-case description="Script ns-policy.ps1 should pass ScriptAnalyzer" name="General project validation.Script ns-policy.ps1 should pass ScriptAnalyzer" time="0.0435" asserts="0" success="True" result="Success" executed="True" />
                  <test-case description="Script ns-protocol.ps1 should pass ScriptAnalyzer" name="General project validation.Script ns-protocol.ps1 should pass ScriptAnalyzer" time="0.0193" asserts="0" success="True" result="Success" executed="True" />
                  <test-case description="Script ns-quic.ps1 should pass ScriptAnalyzer" name="General project validation.Script ns-quic.ps1 should pass ScriptAnalyzer" time="0.0209" asserts="0" success="True" result="Success" executed="True" />
                  <test-case description="Script ns-quicbridge.ps1 should pass ScriptAnalyzer" name="General project validation.Script ns-quicbridge.ps1 should pass ScriptAnalyzer" time="0.0211" asserts="0" success="True" result="Success" executed="True" />
                  <test-case description="Script ns-rdp.ps1 should pass ScriptAnalyzer" name="General project validation.Script ns-rdp.ps1 should pass ScriptAnalyzer" time="0.0229" asserts="0" success="True" result="Success" executed="True" />
                  <test-case description="Script ns-reputation.ps1 should pass ScriptAnalyzer" name="General project validation.Script ns-reputation.ps1 should pass ScriptAnalyzer" time="0.0205" asserts="0" success="True" result="Success" executed="True" />
                  <test-case description="Script ns-responder.ps1 should pass ScriptAnalyzer" name="General project validation.Script ns-responder.ps1 should pass ScriptAnalyzer" time="0.1222" asserts="0" success="True" result="Success" executed="True" />
                  <test-case description="Script ns-rewrite.ps1 should pass ScriptAnalyzer" name="General project validation.Script ns-rewrite.ps1 should pass ScriptAnalyzer" time="0.0581" asserts="0" success="True" result="Success" executed="True" />
                  <test-case description="Script ns-router.ps1 should pass ScriptAnalyzer" name="General project validation.Script ns-router.ps1 should pass ScriptAnalyzer" time="0.0342" asserts="0" success="True" result="Success" executed="True" />
                  <test-case description="Script ns-smpp.ps1 should pass ScriptAnalyzer" name="General project validation.Script ns-smpp.ps1 should pass ScriptAnalyzer" time="0.201" asserts="0" success="True" result="Success" executed="True" />
                  <test-case description="Script ns-snmp.ps1 should pass ScriptAnalyzer" name="General project validation.Script ns-snmp.ps1 should pass ScriptAnalyzer" time="0.0478" asserts="0" success="True" result="Success" executed="True" />
                  <test-case description="Script ns-spillover.ps1 should pass ScriptAnalyzer" name="General project validation.Script ns-spillover.ps1 should pass ScriptAnalyzer" time="0.0207" asserts="0" success="True" result="Success" executed="True" />
                  <test-case description="Script ns-ssl.ps1 should pass ScriptAnalyzer" name="General project validation.Script ns-ssl.ps1 should pass ScriptAnalyzer" time="0.4628" asserts="0" success="True" result="Success" executed="True" />
                  <test-case description="Script ns-stream.ps1 should pass ScriptAnalyzer" name="General project validation.Script ns-stream.ps1 should pass ScriptAnalyzer" time="0.0346" asserts="0" success="True" result="Success" executed="True" />
                  <test-case description="Script ns-subscriber.ps1 should pass ScriptAnalyzer" name="General project validation.Script ns-subscriber.ps1 should pass ScriptAnalyzer" time="0.0254" asserts="0" success="True" result="Success" executed="True" />
                  <test-case description="Script ns-system.ps1 should pass ScriptAnalyzer" name="General project validation.Script ns-system.ps1 should pass ScriptAnalyzer" time="0.0724" asserts="0" success="True" result="Success" executed="True" />
                  <test-case description="Script ns-tm.ps1 should pass ScriptAnalyzer" name="General project validation.Script ns-tm.ps1 should pass ScriptAnalyzer" time="0.091" asserts="0" success="True" result="Success" executed="True" />
                  <test-case description="Script ns-transform.ps1 should pass ScriptAnalyzer" name="General project validation.Script ns-transform.ps1 should pass ScriptAnalyzer" time="0.0431" asserts="0" success="True" result="Success" executed="True" />
                  <test-case description="Script ns-tunnel.ps1 should pass ScriptAnalyzer" name="General project validation.Script ns-tunnel.ps1 should pass ScriptAnalyzer" time="0.0796" asserts="0" success="True" result="Success" executed="True" />
                  <test-case description="Script ns-ulfd.ps1 should pass ScriptAnalyzer" name="General project validation.Script ns-ulfd.ps1 should pass ScriptAnalyzer" time="0.0338" asserts="0" success="True" result="Success" executed="True" />
                  <test-case description="Script ns-urlfiltering.ps1 should pass ScriptAnalyzer" name="General project validation.Script ns-urlfiltering.ps1 should pass ScriptAnalyzer" time="0.0202" asserts="0" success="True" result="Success" executed="True" />
                  <test-case description="Script ns-user.ps1 should pass ScriptAnalyzer" name="General project validation.Script ns-user.ps1 should pass ScriptAnalyzer" time="0.0312" asserts="0" success="True" result="Success" executed="True" />
                  <test-case description="Script ns-utility.ps1 should pass ScriptAnalyzer" name="General project validation.Script ns-utility.ps1 should pass ScriptAnalyzer" time="0.0365" asserts="0" success="True" result="Success" executed="True" />
                  <test-case description="Script ns-videooptimization.ps1 should pass ScriptAnalyzer" name="General project validation.Script ns-videooptimization.ps1 should pass ScriptAnalyzer" time="0.0594" asserts="0" success="True" result="Success" executed="True" />
                  <test-case description="Script ns-vpn.ps1 should pass ScriptAnalyzer" name="General project validation.Script ns-vpn.ps1 should pass ScriptAnalyzer" time="0.8887" asserts="0" success="True" result="Success" executed="True" />
                  <test-case description="Script ConvertFrom-NSVersion.ps1 should pass ScriptAnalyzer" name="General project validation.Script ConvertFrom-NSVersion.ps1 should pass ScriptAnalyzer" time="0.0375" asserts="0" success="True" result="Success" executed="True" />
                  <test-case description="Script Invoke-NSRetrieveCertificateRemoveInfo.ps1 should pass ScriptAnalyzer" name="General project validation.Script Invoke-NSRetrieveCertificateRemoveInfo.ps1 should pass ScriptAnalyzer" time="0.0382" asserts="0" success="True" result="Success" executed="True" />
                  <test-case description="Script Write-ConsoleText.ps1 should pass ScriptAnalyzer" name="General project validation.Script Write-ConsoleText.ps1 should pass ScriptAnalyzer" time="0.0366" asserts="0" success="True" result="Success" executed="True" />
                  <test-case description="Script Write-NSText.ps1 should pass ScriptAnalyzer" name="General project validation.Script Write-NSText.ps1 should pass ScriptAnalyzer" time="0.0226" asserts="0" success="True" result="Success" executed="True" />
                  <test-case description="Script ns-aaa.ps1 should pass ScriptAnalyzer" name="General project validation.Script ns-aaa.ps1 should pass ScriptAnalyzer" time="0.024" asserts="0" success="True" result="Success" executed="True" />
                  <test-case description="Script ns-appflow.ps1 should pass ScriptAnalyzer" name="General project validation.Script ns-appflow.ps1 should pass ScriptAnalyzer" time="0.0236" asserts="0" success="True" result="Success" executed="True" />
                  <test-case description="Script ns-appfw.ps1 should pass ScriptAnalyzer" name="General project validation.Script ns-appfw.ps1 should pass ScriptAnalyzer" time="0.0242" asserts="0" success="True" result="Success" executed="True" />
                  <test-case description="Script ns-appqoe.ps1 should pass ScriptAnalyzer" name="General project validation.Script ns-appqoe.ps1 should pass ScriptAnalyzer" time="0.0385" asserts="0" success="True" result="Success" executed="True" />
                  <test-case description="Script ns-audit.ps1 should pass ScriptAnalyzer" name="General project validation.Script ns-audit.ps1 should pass ScriptAnalyzer" time="0.0328" asserts="0" success="True" result="Success" executed="True" />
                  <test-case description="Script ns-authentication.ps1 should pass ScriptAnalyzer" name="General project validation.Script ns-authentication.ps1 should pass ScriptAnalyzer" time="0.0261" asserts="0" success="True" result="Success" executed="True" />
                  <test-case description="Script ns-authorization.ps1 should pass ScriptAnalyzer" name="General project validation.Script ns-authorization.ps1 should pass ScriptAnalyzer" time="0.0186" asserts="0" success="True" result="Success" executed="True" />
                  <test-case description="Script ns-autoscale.ps1 should pass ScriptAnalyzer" name="General project validation.Script ns-autoscale.ps1 should pass ScriptAnalyzer" time="0.0193" asserts="0" success="True" result="Success" executed="True" />
                  <test-case description="Script ns-basic.ps1 should pass ScriptAnalyzer" name="General project validation.Script ns-basic.ps1 should pass ScriptAnalyzer" time="0.0207" asserts="0" success="True" result="Success" executed="True" />
                  <test-case description="Script ns-bot.ps1 should pass ScriptAnalyzer" name="General project validation.Script ns-bot.ps1 should pass ScriptAnalyzer" time="0.0271" asserts="0" success="True" result="Success" executed="True" />
                  <test-case description="Script ns-cache.ps1 should pass ScriptAnalyzer" name="General project validation.Script ns-cache.ps1 should pass ScriptAnalyzer" time="0.0283" asserts="0" success="True" result="Success" executed="True" />
                  <test-case description="Script ns-cloud.ps1 should pass ScriptAnalyzer" name="General project validation.Script ns-cloud.ps1 should pass ScriptAnalyzer" time="0.0382" asserts="0" success="True" result="Success" executed="True" />
                  <test-case description="Script ns-cluster.ps1 should pass ScriptAnalyzer" name="General project validation.Script ns-cluster.ps1 should pass ScriptAnalyzer" time="0.0346" asserts="0" success="True" result="Success" executed="True" />
                  <test-case description="Script ns-cmp.ps1 should pass ScriptAnalyzer" name="General project validation.Script ns-cmp.ps1 should pass ScriptAnalyzer" time="0.0197" asserts="0" success="True" result="Success" executed="True" />
                  <test-case description="Script ns-contentinspection.ps1 should pass ScriptAnalyzer" name="General project validation.Script ns-contentinspection.ps1 should pass ScriptAnalyzer" time="0.023" asserts="0" success="True" result="Success" executed="True" />
                  <test-case description="Script ns-cr.ps1 should pass ScriptAnalyzer" name="General project validation.Script ns-cr.ps1 should pass ScriptAnalyzer" time="0.0313" asserts="0" success="True" result="Success" executed="True" />
                  <test-case description="Script ns-cs.ps1 should pass ScriptAnalyzer" name="General project validation.Script ns-cs.ps1 should pass ScriptAnalyzer" time="0.0189" asserts="0" success="True" result="Success" executed="True" />
                  <test-case description="Script ns-dns.ps1 should pass ScriptAnalyzer" name="General project validation.Script ns-dns.ps1 should pass ScriptAnalyzer" time="0.0247" asserts="0" success="True" result="Success" executed="True" />
                  <test-case description="Script ns-feo.ps1 should pass ScriptAnalyzer" name="General project validation.Script ns-feo.ps1 should pass ScriptAnalyzer" time="0.0311" asserts="0" success="True" result="Success" executed="True" />
                  <test-case description="Script ns-gslb.ps1 should pass ScriptAnalyzer" name="General project validation.Script ns-gslb.ps1 should pass ScriptAnalyzer" time="0.0243" asserts="0" success="True" result="Success" executed="True" />
                  <test-case description="Script ns-ha.ps1 should pass ScriptAnalyzer" name="General project validation.Script ns-ha.ps1 should pass ScriptAnalyzer" time="0.0263" asserts="0" success="True" result="Success" executed="True" />
                  <test-case description="Script ns-ica.ps1 should pass ScriptAnalyzer" name="General project validation.Script ns-ica.ps1 should pass ScriptAnalyzer" time="0.0344" asserts="0" success="True" result="Success" executed="True" />
                  <test-case description="Script ns-ipsec.ps1 should pass ScriptAnalyzer" name="General project validation.Script ns-ipsec.ps1 should pass ScriptAnalyzer" time="0.1863" asserts="0" success="True" result="Success" executed="True" />
                  <test-case description="Script ns-ipsecalg.ps1 should pass ScriptAnalyzer" name="General project validation.Script ns-ipsecalg.ps1 should pass ScriptAnalyzer" time="0.0331" asserts="0" success="True" result="Success" executed="True" />
                  <test-case description="Script ns-lb.ps1 should pass ScriptAnalyzer" name="General project validation.Script ns-lb.ps1 should pass ScriptAnalyzer" time="0.0196" asserts="0" success="True" result="Success" executed="True" />
                  <test-case description="Script ns-lldp.ps1 should pass ScriptAnalyzer" name="General project validation.Script ns-lldp.ps1 should pass ScriptAnalyzer" time="0.0188" asserts="0" success="True" result="Success" executed="True" />
                  <test-case description="Script ns-lsn.ps1 should pass ScriptAnalyzer" name="General project validation.Script ns-lsn.ps1 should pass ScriptAnalyzer" time="0.0218" asserts="0" success="True" result="Success" executed="True" />
                  <test-case description="Script ns-network.ps1 should pass ScriptAnalyzer" name="General project validation.Script ns-network.ps1 should pass ScriptAnalyzer" time="0.0233" asserts="0" success="True" result="Success" executed="True" />
                  <test-case description="Script ns-ns.ps1 should pass ScriptAnalyzer" name="General project validation.Script ns-ns.ps1 should pass ScriptAnalyzer" time="0.0237" asserts="0" success="True" result="Success" executed="True" />
                  <test-case description="Script ns-pcp.ps1 should pass ScriptAnalyzer" name="General project validation.Script ns-pcp.ps1 should pass ScriptAnalyzer" time="0.0211" asserts="0" success="True" result="Success" executed="True" />
                  <test-case description="Script ns-protocol.ps1 should pass ScriptAnalyzer" name="General project validation.Script ns-protocol.ps1 should pass ScriptAnalyzer" time="0.0267" asserts="0" success="True" result="Success" executed="True" />
                  <test-case description="Script ns-qos.ps1 should pass ScriptAnalyzer" name="General project validation.Script ns-qos.ps1 should pass ScriptAnalyzer" time="0.0538" asserts="0" success="True" result="Success" executed="True" />
                  <test-case description="Script ns-responder.ps1 should pass ScriptAnalyzer" name="General project validation.Script ns-responder.ps1 should pass ScriptAnalyzer" time="0.0399" asserts="0" success="True" result="Success" executed="True" />
                  <test-case description="Script ns-rewrite.ps1 should pass ScriptAnalyzer" name="General project validation.Script ns-rewrite.ps1 should pass ScriptAnalyzer" time="0.0338" asserts="0" success="True" result="Success" executed="True" />
                  <test-case description="Script ns-snmp.ps1 should pass ScriptAnalyzer" name="General project validation.Script ns-snmp.ps1 should pass ScriptAnalyzer" time="0.0188" asserts="0" success="True" result="Success" executed="True" />
                  <test-case description="Script ns-spillover.ps1 should pass ScriptAnalyzer" name="General project validation.Script ns-spillover.ps1 should pass ScriptAnalyzer" time="0.0193" asserts="0" success="True" result="Success" executed="True" />
                  <test-case description="Script ns-ssl.ps1 should pass ScriptAnalyzer" name="General project validation.Script ns-ssl.ps1 should pass ScriptAnalyzer" time="0.0211" asserts="0" success="True" result="Success" executed="True" />
                  <test-case description="Script ns-stream.ps1 should pass ScriptAnalyzer" name="General project validation.Script ns-stream.ps1 should pass ScriptAnalyzer" time="0.0204" asserts="0" success="True" result="Success" executed="True" />
                  <test-case description="Script ns-system.ps1 should pass ScriptAnalyzer" name="General project validation.Script ns-system.ps1 should pass ScriptAnalyzer" time="0.02" asserts="0" success="True" result="Success" executed="True" />
                  <test-case description="Script ns-tm.ps1 should pass ScriptAnalyzer" name="General project validation.Script ns-tm.ps1 should pass ScriptAnalyzer" time="0.023" asserts="0" success="True" result="Success" executed="True" />
                  <test-case description="Script ns-transform.ps1 should pass ScriptAnalyzer" name="General project validation.Script ns-transform.ps1 should pass ScriptAnalyzer" time="0.0355" asserts="0" success="True" result="Success" executed="True" />
                  <test-case description="Script ns-tunnel.ps1 should pass ScriptAnalyzer" name="General project validation.Script ns-tunnel.ps1 should pass ScriptAnalyzer" time="0.0302" asserts="0" success="True" result="Success" executed="True" />
                  <test-case description="Script ns-user.ps1 should pass ScriptAnalyzer" name="General project validation.Script ns-user.ps1 should pass ScriptAnalyzer" time="0.0205" asserts="0" success="True" result="Success" executed="True" />
                  <test-case description="Script ns-videooptimization.ps1 should pass ScriptAnalyzer" name="General project validation.Script ns-videooptimization.ps1 should pass ScriptAnalyzer" time="0.0264" asserts="0" success="True" result="Success" executed="True" />
                  <test-case description="Script ns-vpn.ps1 should pass ScriptAnalyzer" name="General project validation.Script ns-vpn.ps1 should pass ScriptAnalyzer" time="0.0348" asserts="0" success="True" result="Success" executed="True" />
                </results>
              </test-suite>
            </results>
          </test-suite>
        </results>
      </test-suite>
    </results>
  </test-suite>
</test-results>